# JRE version: OpenJDK Runtime Environment (11.0.12+7) (build 11.0.12+7-b1504.28-7817840)
# Java VM: OpenJDK 64-Bit Server VM (11.0.12+7-b1504.28-7817840, mixed mode, tiered, compressed oops, g1 gc, windows-amd64)
Heap:
 garbage-first heap   total 655360K, used 126170K [0x0000000080000000, 0x0000000100000000)
  region size 1024K, 2 young (2048K), 2 survivors (2048K)
 Metaspace       used 105670K, capacity 108416K, committed 108536K, reserved 1142784K
  class space    used 13845K, capacity 14890K, committed 14924K, reserved 1048576K
GC Heap History (20 events):
Event: 10.461 GC heap after
{Heap after GC invocations=24 (full 0):
 garbage-first heap   total 227328K, used 142752K [0x0000000080000000, 0x0000000100000000)
  region size 1024K, 9 young (9216K), 9 survivors (9216K)
 Metaspace       used 94048K, capacity 96367K, committed 96504K, reserved 1132544K
  class space    used 12419K, capacity 13263K, committed 13388K, reserved 1048576K
}
Event: 10.702 GC heap before
{Heap before GC invocations=25 (full 0):
 garbage-first heap   total 227328K, used 171424K [0x0000000080000000, 0x0000000100000000)
  region size 1024K, 43 young (44032K), 9 survivors (9216K)
 Metaspace       used 95698K, capacity 98175K, committed 98296K, reserved 1134592K
  class space    used 12648K, capacity 13561K, committed 13644K, reserved 1048576K
}
Event: 10.716 GC heap after
{Heap after GC invocations=26 (full 0):
 garbage-first heap   total 227328K, used 141986K [0x0000000080000000, 0x0000000100000000)
  region size 1024K, 5 young (5120K), 5 survivors (5120K)
 Metaspace       used 95698K, capacity 98175K, committed 98296K, reserved 1134592K
  class space    used 12648K, capacity 13561K, committed 13644K, reserved 1048576K
}
Event: 10.904 GC heap before
{Heap before GC invocations=26 (full 0):
 garbage-first heap   total 227328K, used 175778K [0x0000000080000000, 0x0000000100000000)
  region size 1024K, 39 young (39936K), 5 survivors (5120K)
 Metaspace       used 96278K, capacity 98832K, committed 99064K, reserved 1134592K
  class space    used 12713K, capacity 13644K, committed 13644K, reserved 1048576K
}
Event: 10.914 GC heap after
{Heap after GC invocations=27 (full 0):
 garbage-first heap   total 227328K, used 145636K [0x0000000080000000, 0x0000000100000000)
  region size 1024K, 4 young (4096K), 4 survivors (4096K)
 Metaspace       used 96278K, capacity 98832K, committed 99064K, reserved 1134592K
  class space    used 12713K, capacity 13644K, committed 13644K, reserved 1048576K
}
Event: 11.275 GC heap before
{Heap before GC invocations=28 (full 0):
 garbage-first heap   total 227328K, used 185572K [0x0000000080000000, 0x0000000100000000)
  region size 1024K, 39 young (39936K), 4 survivors (4096K)
 Metaspace       used 96485K, capacity 98971K, committed 99192K, reserved 1134592K
  class space    used 12722K, capacity 13659K, committed 13772K, reserved 1048576K
}
Event: 11.286 GC heap after
{Heap after GC invocations=29 (full 0):
 garbage-first heap   total 327680K, used 151952K [0x0000000080000000, 0x0000000100000000)
  region size 1024K, 3 young (3072K), 3 survivors (3072K)
 Metaspace       used 96485K, capacity 98971K, committed 99192K, reserved 1134592K
  class space    used 12722K, capacity 13659K, committed 13772K, reserved 1048576K
}
Event: 11.432 GC heap before
{Heap before GC invocations=29 (full 0):
 garbage-first heap   total 327680K, used 165264K [0x0000000080000000, 0x0000000100000000)
  region size 1024K, 16 young (16384K), 3 survivors (3072K)
 Metaspace       used 96638K, capacity 99138K, committed 99448K, reserved 1134592K
  class space    used 12736K, capacity 13672K, committed 13772K, reserved 1048576K
}
Event: 11.437 GC heap after
{Heap after GC invocations=30 (full 0):
 garbage-first heap   total 327680K, used 155520K [0x0000000080000000, 0x0000000100000000)
  region size 1024K, 2 young (2048K), 2 survivors (2048K)
 Metaspace       used 96638K, capacity 99138K, committed 99448K, reserved 1134592K
  class space    used 12736K, capacity 13672K, committed 13772K, reserved 1048576K
}
Event: 11.473 GC heap before
{Heap before GC invocations=30 (full 0):
 garbage-first heap   total 327680K, used 164736K [0x0000000080000000, 0x0000000100000000)
  region size 1024K, 13 young (13312K), 2 survivors (2048K)
 Metaspace       used 96650K, capacity 99152K, committed 99448K, reserved 1134592K
  class space    used 12738K, capacity 13677K, committed 13772K, reserved 1048576K
}
Event: 11.476 GC heap after
{Heap after GC invocations=31 (full 0):
 garbage-first heap   total 327680K, used 156847K [0x0000000080000000, 0x0000000100000000)
  region size 1024K, 4 young (4096K), 4 survivors (4096K)
 Metaspace       used 96650K, capacity 99152K, committed 99448K, reserved 1134592K
  class space    used 12738K, capacity 13677K, committed 13772K, reserved 1048576K
}
Event: 11.672 GC heap before
{Heap before GC invocations=32 (full 0):
 garbage-first heap   total 327680K, used 195759K [0x0000000080000000, 0x0000000100000000)
  region size 1024K, 42 young (43008K), 4 survivors (4096K)
 Metaspace       used 96738K, capacity 99242K, committed 99448K, reserved 1134592K
  class space    used 12742K, capacity 13661K, committed 13772K, reserved 1048576K
}
Event: 11.772 GC heap after
{Heap after GC invocations=33 (full 0):
 garbage-first heap   total 327680K, used 164352K [0x0000000080000000, 0x0000000100000000)
  region size 1024K, 9 young (9216K), 9 survivors (9216K)
 Metaspace       used 96738K, capacity 99242K, committed 99448K, reserved 1134592K
  class space    used 12742K, capacity 13661K, committed 13772K, reserved 1048576K
}
Event: 12.206 GC heap before
{Heap before GC invocations=34 (full 0):
 garbage-first heap   total 327680K, used 240128K [0x0000000080000000, 0x0000000100000000)
  region size 1024K, 75 young (76800K), 9 survivors (9216K)
 Metaspace       used 97122K, capacity 99736K, committed 100088K, reserved 1136640K
  class space    used 12776K, capacity 13764K, committed 13900K, reserved 1048576K
}
Event: 12.232 GC heap after
{Heap after GC invocations=35 (full 0):
 garbage-first heap   total 327680K, used 168688K [0x0000000080000000, 0x0000000100000000)
  region size 1024K, 3 young (3072K), 3 survivors (3072K)
 Metaspace       used 97122K, capacity 99736K, committed 100088K, reserved 1136640K
  class space    used 12776K, capacity 13764K, committed 13900K, reserved 1048576K
}
Event: 13.049 GC heap before
{Heap before GC invocations=35 (full 0):
 garbage-first heap   total 327680K, used 210672K [0x0000000080000000, 0x0000000100000000)
  region size 1024K, 45 young (46080K), 3 survivors (3072K)
 Metaspace       used 98331K, capacity 100923K, committed 101240K, reserved 1136640K
  class space    used 12916K, capacity 13927K, committed 14028K, reserved 1048576K
}
Event: 13.054 GC heap after
{Heap after GC invocations=36 (full 0):
 garbage-first heap   total 327680K, used 163551K [0x0000000080000000, 0x0000000100000000)
  region size 1024K, 5 young (5120K), 5 survivors (5120K)
 Metaspace       used 98331K, capacity 100923K, committed 101240K, reserved 1136640K
  class space    used 12916K, capacity 13927K, committed 14028K, reserved 1048576K
}
Event: 13.745 GC heap before
{Heap before GC invocations=37 (full 0):
 garbage-first heap   total 327680K, used 224988K [0x0000000080000000, 0x0000000100000000)
  region size 1024K, 79 young (80896K), 5 survivors (5120K)
 Metaspace       used 104301K, capacity 107018K, committed 107128K, reserved 1142784K
  class space    used 13686K, capacity 14742K, committed 14796K, reserved 1048576K
}
Event: 13.754 GC heap after
{Heap after GC invocations=38 (full 0):
 garbage-first heap   total 327680K, used 152841K [0x0000000080000000, 0x0000000100000000)
  region size 1024K, 9 young (9216K), 9 survivors (9216K)
 Metaspace       used 104301K, capacity 107018K, committed 107128K, reserved 1142784K
  class space    used 13686K, capacity 14742K, committed 14796K, reserved 1048576K
}
Event: 13.838 GC heap before
{Heap before GC invocations=38 (full 0):
 garbage-first heap   total 327680K, used 161033K [0x0000000080000000, 0x0000000100000000)
  region size 1024K, 16 young (16384K), 9 survivors (9216K)
 Metaspace       used 105670K, capacity 108416K, committed 108536K, reserved 1142784K
  class space    used 13845K, capacity 14890K, committed 14924K, reserved 1048576K
}

