# JRE version: OpenJDK Runtime Environment (11.0.12+7) (build 11.0.12+7-b1504.28-7817840)
# Java VM: OpenJDK 64-Bit Server VM (11.0.12+7-b1504.28-7817840, mixed mode, tiered, compressed oops, g1 gc, windows-amd64)
Heap:
 garbage-first heap   total 622592K, used 169343K [0x0000000080000000, 0x0000000100000000)
  region size 1024K, 7 young (7168K), 7 survivors (7168K)
 Metaspace       used 103534K, capacity 106226K, committed 106412K, reserved 1140736K
  class space    used 13467K, capacity 14490K, committed 14592K, reserved 1048576K
GC Heap History (20 events):
Event: 307.058 GC heap after
{Heap after GC invocations=40 (full 0):
 garbage-first heap   total 157696K, used 108449K [0x0000000080000000, 0x0000000100000000)
  region size 1024K, 4 young (4096K), 4 survivors (4096K)
 Metaspace       used 97143K, capacity 99473K, committed 99628K, reserved 1136640K
  class space    used 12482K, capacity 13327K, committed 13440K, reserved 1048576K
}
Event: 307.068 GC heap before
{Heap before GC invocations=40 (full 0):
 garbage-first heap   total 157696K, used 111521K [0x0000000080000000, 0x0000000100000000)
  region size 1024K, 7 young (7168K), 4 survivors (4096K)
 Metaspace       used 97143K, capacity 99473K, committed 99628K, reserved 1136640K
  class space    used 12482K, capacity 13327K, committed 13440K, reserved 1048576K
}
Event: 307.072 GC heap after
{Heap after GC invocations=41 (full 0):
 garbage-first heap   total 157696K, used 108809K [0x0000000080000000, 0x0000000100000000)
  region size 1024K, 1 young (1024K), 1 survivors (1024K)
 Metaspace       used 97143K, capacity 99473K, committed 99628K, reserved 1136640K
  class space    used 12482K, capacity 13327K, committed 13440K, reserved 1048576K
}
Event: 307.151 GC heap before
{Heap before GC invocations=41 (full 0):
 garbage-first heap   total 157696K, used 126217K [0x0000000080000000, 0x0000000100000000)
  region size 1024K, 19 young (19456K), 1 survivors (1024K)
 Metaspace       used 97223K, capacity 99567K, committed 99884K, reserved 1136640K
  class space    used 12497K, capacity 13340K, committed 13440K, reserved 1048576K
}
Event: 307.162 GC heap after
{Heap after GC invocations=42 (full 0):
 garbage-first heap   total 189440K, used 116176K [0x0000000080000000, 0x0000000100000000)
  region size 1024K, 3 young (3072K), 3 survivors (3072K)
 Metaspace       used 97223K, capacity 99567K, committed 99884K, reserved 1136640K
  class space    used 12497K, capacity 13340K, committed 13440K, reserved 1048576K
}
Event: 307.339 GC heap before
{Heap before GC invocations=43 (full 0):
 garbage-first heap   total 189440K, used 141776K [0x0000000080000000, 0x0000000100000000)
  region size 1024K, 29 young (29696K), 3 survivors (3072K)
 Metaspace       used 99453K, capacity 101837K, committed 102188K, reserved 1138688K
  class space    used 12949K, capacity 13825K, committed 13952K, reserved 1048576K
}
Event: 307.352 GC heap after
{Heap after GC invocations=44 (full 0):
 garbage-first heap   total 189440K, used 126806K [0x0000000080000000, 0x0000000100000000)
  region size 1024K, 4 young (4096K), 4 survivors (4096K)
 Metaspace       used 99453K, capacity 101837K, committed 102188K, reserved 1138688K
  class space    used 12949K, capacity 13825K, committed 13952K, reserved 1048576K
}
Event: 307.396 GC heap before
{Heap before GC invocations=44 (full 0):
 garbage-first heap   total 189440K, used 148310K [0x0000000080000000, 0x0000000100000000)
  region size 1024K, 25 young (25600K), 4 survivors (4096K)
 Metaspace       used 99563K, capacity 101980K, committed 102188K, reserved 1138688K
  class space    used 12949K, capacity 13825K, committed 13952K, reserved 1048576K
}
Event: 307.406 GC heap after
{Heap after GC invocations=45 (full 0):
 garbage-first heap   total 189440K, used 138218K [0x0000000080000000, 0x0000000100000000)
  region size 1024K, 4 young (4096K), 4 survivors (4096K)
 Metaspace       used 99563K, capacity 101980K, committed 102188K, reserved 1138688K
  class space    used 12949K, capacity 13825K, committed 13952K, reserved 1048576K
}
Event: 307.433 GC heap before
{Heap before GC invocations=45 (full 0):
 garbage-first heap   total 189440K, used 153578K [0x0000000080000000, 0x0000000100000000)
  region size 1024K, 19 young (19456K), 4 survivors (4096K)
 Metaspace       used 99579K, capacity 101981K, committed 102188K, reserved 1138688K
  class space    used 12949K, capacity 13825K, committed 13952K, reserved 1048576K
}
Event: 307.440 GC heap after
{Heap after GC invocations=46 (full 0):
 garbage-first heap   total 189440K, used 147083K [0x0000000080000000, 0x0000000100000000)
  region size 1024K, 3 young (3072K), 3 survivors (3072K)
 Metaspace       used 99579K, capacity 101981K, committed 102188K, reserved 1138688K
  class space    used 12949K, capacity 13825K, committed 13952K, reserved 1048576K
}
Event: 307.502 GC heap before
{Heap before GC invocations=46 (full 0):
 garbage-first heap   total 189440K, used 157323K [0x0000000080000000, 0x0000000100000000)
  region size 1024K, 13 young (13312K), 3 survivors (3072K)
 Metaspace       used 100157K, capacity 102562K, committed 102700K, reserved 1138688K
  class space    used 13037K, capacity 13933K, committed 13952K, reserved 1048576K
}
Event: 307.516 GC heap after
{Heap after GC invocations=47 (full 0):
 garbage-first heap   total 308224K, used 152576K [0x0000000080000000, 0x0000000100000000)
  region size 1024K, 2 young (2048K), 2 survivors (2048K)
 Metaspace       used 100157K, capacity 102562K, committed 102700K, reserved 1138688K
  class space    used 13037K, capacity 13933K, committed 13952K, reserved 1048576K
}
Event: 307.999 GC heap before
{Heap before GC invocations=48 (full 0):
 garbage-first heap   total 308224K, used 191488K [0x0000000080000000, 0x0000000100000000)
  region size 1024K, 45 young (46080K), 2 survivors (2048K)
 Metaspace       used 102647K, capacity 105282K, committed 105516K, reserved 1140736K
  class space    used 13376K, capacity 14337K, committed 14464K, reserved 1048576K
}
Event: 308.010 GC heap after
{Heap after GC invocations=49 (full 0):
 garbage-first heap   total 308224K, used 152576K [0x0000000080000000, 0x0000000100000000)
  region size 1024K, 6 young (6144K), 6 survivors (6144K)
 Metaspace       used 102647K, capacity 105282K, committed 105516K, reserved 1140736K
  class space    used 13376K, capacity 14337K, committed 14464K, reserved 1048576K
}
Event: 308.043 GC heap before
{Heap before GC invocations=49 (full 0):
 garbage-first heap   total 308224K, used 161792K [0x0000000080000000, 0x0000000100000000)
  region size 1024K, 15 young (15360K), 6 survivors (6144K)
 Metaspace       used 102832K, capacity 105472K, committed 105772K, reserved 1140736K
  class space    used 13399K, capacity 14378K, committed 14464K, reserved 1048576K
}
Event: 308.082 GC heap after
{Heap after GC invocations=50 (full 0):
 garbage-first heap   total 308224K, used 151019K [0x0000000080000000, 0x0000000100000000)
  region size 1024K, 2 young (2048K), 2 survivors (2048K)
 Metaspace       used 102832K, capacity 105472K, committed 105772K, reserved 1140736K
  class space    used 13399K, capacity 14378K, committed 14464K, reserved 1048576K
}
Event: 308.440 GC heap before
{Heap before GC invocations=50 (full 0):
 garbage-first heap   total 308224K, used 203243K [0x0000000080000000, 0x0000000100000000)
  region size 1024K, 49 young (50176K), 2 survivors (2048K)
 Metaspace       used 103242K, capacity 105921K, committed 106028K, reserved 1140736K
  class space    used 13434K, capacity 14433K, committed 14464K, reserved 1048576K
}
Event: 308.449 GC heap after
{Heap after GC invocations=51 (full 0):
 garbage-first heap   total 308224K, used 158533K [0x0000000080000000, 0x0000000100000000)
  region size 1024K, 4 young (4096K), 4 survivors (4096K)
 Metaspace       used 103242K, capacity 105921K, committed 106028K, reserved 1140736K
  class space    used 13434K, capacity 14433K, committed 14464K, reserved 1048576K
}
Event: 308.798 GC heap before
{Heap before GC invocations=51 (full 0):
 garbage-first heap   total 308224K, used 212805K [0x0000000080000000, 0x0000000100000000)
  region size 1024K, 54 young (55296K), 4 survivors (4096K)
 Metaspace       used 103534K, capacity 106226K, committed 106412K, reserved 1140736K
  class space    used 13467K, capacity 14490K, committed 14592K, reserved 1048576K
}

